<?xml version="1.0" encoding="UTF-8"?>
<!-- Generated by org.testng.reporters.JUnitReportReporter -->
<testsuite skipped="8" hostname="BharathMani" name="org.testing.JingleBid" tests="11" failures="0" timestamp="18 Mar 2022 08:14:50 GMT" time="8.060" errors="0">
  <testcase name="ValidateLogin" time="1.531" classname="org.testing.JingleBid"/>
  <testcase name="EnterValidUsernameAndValidPassword" time="2.239" classname="org.testing.JingleBid"/>
  <testcase name="UpdatePersonalInformation" time="4.290" classname="org.testing.JingleBid"/>
  <testcase name="ChangePassword" classname="org.testing.JingleBid">
    <skipped/>
  </testcase> <!-- ChangePassword -->
  <testcase name="addAddress" classname="org.testing.JingleBid">
    <skipped/>
  </testcase> <!-- addAddress -->
  <testcase name="DeleteAddress" classname="org.testing.JingleBid">
    <skipped/>
  </testcase> <!-- DeleteAddress -->
  <testcase name="StartAuction" classname="org.testing.JingleBid">
    <skipped/>
  </testcase> <!-- StartAuction -->
  <testcase name="searchProduct" classname="org.testing.JingleBid">
    <skipped/>
  </testcase> <!-- searchProduct -->
  <testcase name="EditAddress" classname="org.testing.JingleBid">
    <skipped/>
  </testcase> <!-- EditAddress -->
  <testcase name="updateDeliveryLocation" classname="org.testing.JingleBid">
    <skipped/>
  </testcase> <!-- updateDeliveryLocation -->
  <testcase name="CancelAuction" classname="org.testing.JingleBid">
    <skipped/>
  </testcase> <!-- CancelAuction -->
</testsuite> <!-- org.testing.JingleBid -->
