<?xml version="1.0" encoding="UTF-8"?>
<!-- Generated by org.testng.reporters.JUnitReportReporter -->
<testsuite skipped="0" hostname="BharathMani" name="org.testing.JingleBid" tests="13" failures="0" timestamp="24 Mar 2022 06:07:50 GMT" time="45.276" errors="1">
  <testcase name="EnterValidUsernameAndValidPassword" time="2.150" classname="org.testing.JingleBid"/>
  <testcase name="ValidateLogin" time="0.845" classname="org.testing.JingleBid"/>
  <testcase name="CloseBrowser" time="0.006" classname="org.testing.JingleBid">
    <error type="java.lang.StackOverflowError">
      <![CDATA[java.lang.StackOverflowError
at org.testing.JingleBid.CloseBrowser(JingleBid.java:299)
at org.testing.JingleBid.CloseBrowser(JingleBid.java:299)
at org.testing.JingleBid.CloseBrowser(JingleBid.java:299)
at org.testing.JingleBid.CloseBrowser(JingleBid.java:299)
at org.testing.JingleBid.CloseBrowser(JingleBid.java:299)
at org.testing.JingleBid.CloseBrowser(JingleBid.java:299)
at org.testing.JingleBid.CloseBrowser(JingleBid.java:299)
at org.testing.JingleBid.CloseBrowser(JingleBid.java:299)
at org.testing.JingleBid.CloseBrowser(JingleBid.java:299)
at org.testing.JingleBid.CloseBrowser(JingleBid.java:299)
at org.testing.JingleBid.CloseBrowser(JingleBid.java:299)
at org.testing.JingleBid.CloseBrowser(JingleBid.java:299)
at org.testing.JingleBid.CloseBrowser(JingleBid.java:299)
at org.testing.JingleBid.CloseBrowser(JingleBid.java:299)
at org.testing.JingleBid.CloseBrowser(JingleBid.java:299)
at org.testing.JingleBid.CloseBrowser(JingleBid.java:299)
at org.testing.JingleBid.CloseBrowser(JingleBid.java:299)
at org.testing.JingleBid.CloseBrowser(JingleBid.java:299)
at org.testing.JingleBid.CloseBrowser(JingleBid.java:299)
at org.testing.JingleBid.CloseBrowser(JingleBid.java:299)
at org.testing.JingleBid.CloseBrowser(JingleBid.java:299)
at org.testing.JingleBid.CloseBrowser(JingleBid.java:299)
at org.testing.JingleBid.CloseBrowser(JingleBid.java:299)
at org.testing.JingleBid.CloseBrowser(JingleBid.java:299)
at org.testing.JingleBid.CloseBrowser(JingleBid.java:299)
at org.testing.JingleBid.CloseBrowser(JingleBid.java:299)
at org.testing.JingleBid.CloseBrowser(JingleBid.java:299)
at org.testing.JingleBid.CloseBrowser(JingleBid.java:299)
at org.testing.JingleBid.CloseBrowser(JingleBid.java:299)
at org.testing.JingleBid.CloseBrowser(JingleBid.java:299)
at org.testing.JingleBid.CloseBrowser(JingleBid.java:299)
at org.testing.JingleBid.CloseBrowser(JingleBid.java:299)
at org.testing.JingleBid.CloseBrowser(JingleBid.java:299)
at org.testing.JingleBid.CloseBrowser(JingleBid.java:299)
at org.testing.JingleBid.CloseBrowser(JingleBid.java:299)
at org.testing.JingleBid.CloseBrowser(JingleBid.java:299)
at org.testing.JingleBid.CloseBrowser(JingleBid.java:299)
at org.testing.JingleBid.CloseBrowser(JingleBid.java:299)
at org.testing.JingleBid.CloseBrowser(JingleBid.java:299)
at org.testing.JingleBid.CloseBrowser(JingleBid.java:299)
at org.testing.JingleBid.CloseBrowser(JingleBid.java:299)
at org.testing.JingleBid.CloseBrowser(JingleBid.java:299)
at org.testing.JingleBid.CloseBrowser(JingleBid.java:299)
at org.testing.JingleBid.CloseBrowser(JingleBid.java:299)
at org.testing.JingleBid.CloseBrowser(JingleBid.java:299)
at org.testing.JingleBid.CloseBrowser(JingleBid.java:299)
at org.testing.JingleBid.CloseBrowser(JingleBid.java:299)
at org.testing.JingleBid.CloseBrowser(JingleBid.java:299)
at org.testing.JingleBid.CloseBrowser(JingleBid.java:299)
at org.testing.JingleBid.CloseBrowser(JingleBid.java:299)
at org.testing.JingleBid.CloseBrowser(JingleBid.java:299)
at org.testing.JingleBid.CloseBrowser(JingleBid.java:299)
at org.testing.JingleBid.CloseBrowser(JingleBid.java:299)
at org.testing.JingleBid.CloseBrowser(JingleBid.java:299)
at org.testing.JingleBid.CloseBrowser(JingleBid.java:299)
at org.testing.JingleBid.CloseBrowser(JingleBid.java:299)
at org.testing.JingleBid.CloseBrowser(JingleBid.java:299)
at org.testing.JingleBid.CloseBrowser(JingleBid.java:299)
at org.testing.JingleBid.CloseBrowser(JingleBid.java:299)
at org.testing.JingleBid.CloseBrowser(JingleBid.java:299)
at org.testing.JingleBid.CloseBrowser(JingleBid.java:299)
at org.testing.JingleBid.CloseBrowser(JingleBid.java:299)
at org.testing.JingleBid.CloseBrowser(JingleBid.java:299)
at org.testing.JingleBid.CloseBrowser(JingleBid.java:299)
at org.testing.JingleBid.CloseBrowser(JingleBid.java:299)
at org.testing.JingleBid.CloseBrowser(JingleBid.java:299)
at org.testing.JingleBid.CloseBrowser(JingleBid.java:299)
at org.testing.JingleBid.CloseBrowser(JingleBid.java:299)
at org.testing.JingleBid.CloseBrowser(JingleBid.java:299)
at org.testing.JingleBid.CloseBrowser(JingleBid.java:299)
at org.testing.JingleBid.CloseBrowser(JingleBid.java:299)
at org.testing.JingleBid.CloseBrowser(JingleBid.java:299)
at org.testing.JingleBid.CloseBrowser(JingleBid.java:299)
at org.testing.JingleBid.CloseBrowser(JingleBid.java:299)
at org.testing.JingleBid.CloseBrowser(JingleBid.java:299)
at org.testing.JingleBid.CloseBrowser(JingleBid.java:299)
at org.testing.JingleBid.CloseBrowser(JingleBid.java:299)
at org.testing.JingleBid.CloseBrowser(JingleBid.java:299)
at org.testing.JingleBid.CloseBrowser(JingleBid.java:299)
at org.testing.JingleBid.CloseBrowser(JingleBid.java:299)
at org.testing.JingleBid.CloseBrowser(JingleBid.java:299)
at org.testing.JingleBid.CloseBrowser(JingleBid.java:299)
at org.testing.JingleBid.CloseBrowser(JingleBid.java:299)
at org.testing.JingleBid.CloseBrowser(JingleBid.java:299)
at org.testing.JingleBid.CloseBrowser(JingleBid.java:299)
at org.testing.JingleBid.CloseBrowser(JingleBid.java:299)
at org.testing.JingleBid.CloseBrowser(JingleBid.java:299)
at org.testing.JingleBid.CloseBrowser(JingleBid.java:299)
at org.testing.JingleBid.CloseBrowser(JingleBid.java:299)
at org.testing.JingleBid.CloseBrowser(JingleBid.java:299)
at org.testing.JingleBid.CloseBrowser(JingleBid.java:299)
at org.testing.JingleBid.CloseBrowser(JingleBid.java:299)
at org.testing.JingleBid.CloseBrowser(JingleBid.java:299)
at org.testing.JingleBid.CloseBrowser(JingleBid.java:299)
at org.testing.JingleBid.CloseBrowser(JingleBid.java:299)
at org.testing.JingleBid.CloseBrowser(JingleBid.java:299)
at org.testing.JingleBid.CloseBrowser(JingleBid.java:299)
at org.testing.JingleBid.CloseBrowser(JingleBid.java:299)
at org.testing.JingleBid.CloseBrowser(JingleBid.java:299)
at org.testing.JingleBid.CloseBrowser(JingleBid.java:299)
at org.testing.JingleBid.CloseBrowser(JingleBid.java:299)
at org.testing.JingleBid.CloseBrowser(JingleBid.java:299)
at org.testing.JingleBid.CloseBrowser(JingleBid.java:299)
at org.testing.JingleBid.CloseBrowser(JingleBid.java:299)
at org.testing.JingleBid.CloseBrowser(JingleBid.java:299)
at org.testing.JingleBid.CloseBrowser(JingleBid.java:299)
at org.testing.JingleBid.CloseBrowser(JingleBid.java:299)
at org.testing.JingleBid.CloseBrowser(JingleBid.java:299)
at org.testing.JingleBid.CloseBrowser(JingleBid.java:299)
at org.testing.JingleBid.CloseBrowser(JingleBid.java:299)
at org.testing.JingleBid.CloseBrowser(JingleBid.java:299)
at org.testing.JingleBid.CloseBrowser(JingleBid.java:299)
at org.testing.JingleBid.CloseBrowser(JingleBid.java:299)
at org.testing.JingleBid.CloseBrowser(JingleBid.java:299)
at org.testing.JingleBid.CloseBrowser(JingleBid.java:299)
at org.testing.JingleBid.CloseBrowser(JingleBid.java:299)
at org.testing.JingleBid.CloseBrowser(JingleBid.java:299)
at org.testing.JingleBid.CloseBrowser(JingleBid.java:299)
at org.testing.JingleBid.CloseBrowser(JingleBid.java:299)
at org.testing.JingleBid.CloseBrowser(JingleBid.java:299)
at org.testing.JingleBid.CloseBrowser(JingleBid.java:299)
at org.testing.JingleBid.CloseBrowser(JingleBid.java:299)
at org.testing.JingleBid.CloseBrowser(JingleBid.java:299)
at org.testing.JingleBid.CloseBrowser(JingleBid.java:299)
at org.testing.JingleBid.CloseBrowser(JingleBid.java:299)
at org.testing.JingleBid.CloseBrowser(JingleBid.java:299)
at org.testing.JingleBid.CloseBrowser(JingleBid.java:299)
at org.testing.JingleBid.CloseBrowser(JingleBid.java:299)
at org.testing.JingleBid.CloseBrowser(JingleBid.java:299)
at org.testing.JingleBid.CloseBrowser(JingleBid.java:299)
at org.testing.JingleBid.CloseBrowser(JingleBid.java:299)
at org.testing.JingleBid.CloseBrowser(JingleBid.java:299)
at org.testing.JingleBid.CloseBrowser(JingleBid.java:299)
at org.testing.JingleBid.CloseBrowser(JingleBid.java:299)
at org.testing.JingleBid.CloseBrowser(JingleBid.java:299)
at org.testing.JingleBid.CloseBrowser(JingleBid.java:299)
at org.testing.JingleBid.CloseBrowser(JingleBid.java:299)
at org.testing.JingleBid.CloseBrowser(JingleBid.java:299)
at org.testing.JingleBid.CloseBrowser(JingleBid.java:299)
at org.testing.JingleBid.CloseBrowser(JingleBid.java:299)
at org.testing.JingleBid.CloseBrowser(JingleBid.java:299)
at org.testing.JingleBid.CloseBrowser(JingleBid.java:299)
at org.testing.JingleBid.CloseBrowser(JingleBid.java:299)
at org.testing.JingleBid.CloseBrowser(JingleBid.java:299)
at org.testing.JingleBid.CloseBrowser(JingleBid.java:299)
at org.testing.JingleBid.CloseBrowser(JingleBid.java:299)
at org.testing.JingleBid.CloseBrowser(JingleBid.java:299)
at org.testing.JingleBid.CloseBrowser(JingleBid.java:299)
at org.testing.JingleBid.CloseBrowser(JingleBid.java:299)
at org.testing.JingleBid.CloseBrowser(JingleBid.java:299)
at org.testing.JingleBid.CloseBrowser(JingleBid.java:299)
at org.testing.JingleBid.CloseBrowser(JingleBid.java:299)
at org.testing.JingleBid.CloseBrowser(JingleBid.java:299)
at org.testing.JingleBid.CloseBrowser(JingleBid.java:299)
at org.testing.JingleBid.CloseBrowser(JingleBid.java:299)
at org.testing.JingleBid.CloseBrowser(JingleBid.java:299)
at org.testing.JingleBid.CloseBrowser(JingleBid.java:299)
at org.testing.JingleBid.CloseBrowser(JingleBid.java:299)
at org.testing.JingleBid.CloseBrowser(JingleBid.java:299)
at org.testing.JingleBid.CloseBrowser(JingleBid.java:299)
at org.testing.JingleBid.CloseBrowser(JingleBid.java:299)
at org.testing.JingleBid.CloseBrowser(JingleBid.java:299)
at org.testing.JingleBid.CloseBrowser(JingleBid.java:299)
at org.testing.JingleBid.CloseBrowser(JingleBid.java:299)
at org.testing.JingleBid.CloseBrowser(JingleBid.java:299)
at org.testing.JingleBid.CloseBrowser(JingleBid.java:299)
at org.testing.JingleBid.CloseBrowser(JingleBid.java:299)
at org.testing.JingleBid.CloseBrowser(JingleBid.java:299)
at org.testing.JingleBid.CloseBrowser(JingleBid.java:299)
at org.testing.JingleBid.CloseBrowser(JingleBid.java:299)
at org.testing.JingleBid.CloseBrowser(JingleBid.java:299)
at org.testing.JingleBid.CloseBrowser(JingleBid.java:299)
at org.testing.JingleBid.CloseBrowser(JingleBid.java:299)
at org.testing.JingleBid.CloseBrowser(JingleBid.java:299)
at org.testing.JingleBid.CloseBrowser(JingleBid.java:299)
at org.testing.JingleBid.CloseBrowser(JingleBid.java:299)
at org.testing.JingleBid.CloseBrowser(JingleBid.java:299)
at org.testing.JingleBid.CloseBrowser(JingleBid.java:299)
at org.testing.JingleBid.CloseBrowser(JingleBid.java:299)
at org.testing.JingleBid.CloseBrowser(JingleBid.java:299)
at org.testing.JingleBid.CloseBrowser(JingleBid.java:299)
at org.testing.JingleBid.CloseBrowser(JingleBid.java:299)
at org.testing.JingleBid.CloseBrowser(JingleBid.java:299)
at org.testing.JingleBid.CloseBrowser(JingleBid.java:299)
at org.testing.JingleBid.CloseBrowser(JingleBid.java:299)
at org.testing.JingleBid.CloseBrowser(JingleBid.java:299)
at org.testing.JingleBid.CloseBrowser(JingleBid.java:299)
at org.testing.JingleBid.CloseBrowser(JingleBid.java:299)
at org.testing.JingleBid.CloseBrowser(JingleBid.java:299)
at org.testing.JingleBid.CloseBrowser(JingleBid.java:299)
at org.testing.JingleBid.CloseBrowser(JingleBid.java:299)
at org.testing.JingleBid.CloseBrowser(JingleBid.java:299)
at org.testing.JingleBid.CloseBrowser(JingleBid.java:299)
at org.testing.JingleBid.CloseBrowser(JingleBid.java:299)
at org.testing.JingleBid.CloseBrowser(JingleBid.java:299)
at org.testing.JingleBid.CloseBrowser(JingleBid.java:299)
at org.testing.JingleBid.CloseBrowser(JingleBid.java:299)
at org.testing.JingleBid.CloseBrowser(JingleBid.java:299)
at org.testing.JingleBid.CloseBrowser(JingleBid.java:299)
at org.testing.JingleBid.CloseBrowser(JingleBid.java:299)
at org.testing.JingleBid.CloseBrowser(JingleBid.java:299)
at org.testing.JingleBid.CloseBrowser(JingleBid.java:299)
at org.testing.JingleBid.CloseBrowser(JingleBid.java:299)
at org.testing.JingleBid.CloseBrowser(JingleBid.java:299)
at org.testing.JingleBid.CloseBrowser(JingleBid.java:299)
at org.testing.JingleBid.CloseBrowser(JingleBid.java:299)
at org.testing.JingleBid.CloseBrowser(JingleBid.java:299)
at org.testing.JingleBid.CloseBrowser(JingleBid.java:299)
at org.testing.JingleBid.CloseBrowser(JingleBid.java:299)
at org.testing.JingleBid.CloseBrowser(JingleBid.java:299)
at org.testing.JingleBid.CloseBrowser(JingleBid.java:299)
at org.testing.JingleBid.CloseBrowser(JingleBid.java:299)
at org.testing.JingleBid.CloseBrowser(JingleBid.java:299)
at org.testing.JingleBid.CloseBrowser(JingleBid.java:299)
at org.testing.JingleBid.CloseBrowser(JingleBid.java:299)
at org.testing.JingleBid.CloseBrowser(JingleBid.java:299)
at org.testing.JingleBid.CloseBrowser(JingleBid.java:299)
at org.testing.JingleBid.CloseBrowser(JingleBid.java:299)
at org.testing.JingleBid.CloseBrowser(JingleBid.java:299)
at org.testing.JingleBid.CloseBrowser(JingleBid.java:299)
at org.testing.JingleBid.CloseBrowser(JingleBid.java:299)
at org.testing.JingleBid.CloseBrowser(JingleBid.java:299)
at org.testing.JingleBid.CloseBrowser(JingleBid.java:299)
at org.testing.JingleBid.CloseBrowser(JingleBid.java:299)
at org.testing.JingleBid.CloseBrowser(JingleBid.java:299)
at org.testing.JingleBid.CloseBrowser(JingleBid.java:299)
at org.testing.JingleBid.CloseBrowser(JingleBid.java:299)
at org.testing.JingleBid.CloseBrowser(JingleBid.java:299)
at org.testing.JingleBid.CloseBrowser(JingleBid.java:299)
at org.testing.JingleBid.CloseBrowser(JingleBid.java:299)
at org.testing.JingleBid.CloseBrowser(JingleBid.java:299)
at org.testing.JingleBid.CloseBrowser(JingleBid.java:299)
at org.testing.JingleBid.CloseBrowser(JingleBid.java:299)
at org.testing.JingleBid.CloseBrowser(JingleBid.java:299)
at org.testing.JingleBid.CloseBrowser(JingleBid.java:299)
at org.testing.JingleBid.CloseBrowser(JingleBid.java:299)
at org.testing.JingleBid.CloseBrowser(JingleBid.java:299)
at org.testing.JingleBid.CloseBrowser(JingleBid.java:299)
at org.testing.JingleBid.CloseBrowser(JingleBid.java:299)
at org.testing.JingleBid.CloseBrowser(JingleBid.java:299)
at org.testing.JingleBid.CloseBrowser(JingleBid.java:299)
at org.testing.JingleBid.CloseBrowser(JingleBid.java:299)
at org.testing.JingleBid.CloseBrowser(JingleBid.java:299)
at org.testing.JingleBid.CloseBrowser(JingleBid.java:299)
at org.testing.JingleBid.CloseBrowser(JingleBid.java:299)
at org.testing.JingleBid.CloseBrowser(JingleBid.java:299)
at org.testing.JingleBid.CloseBrowser(JingleBid.java:299)
at org.testing.JingleBid.CloseBrowser(JingleBid.java:299)
at org.testing.JingleBid.CloseBrowser(JingleBid.java:299)
at org.testing.JingleBid.CloseBrowser(JingleBid.java:299)
at org.testing.JingleBid.CloseBrowser(JingleBid.java:299)
at org.testing.JingleBid.CloseBrowser(JingleBid.java:299)
at org.testing.JingleBid.CloseBrowser(JingleBid.java:299)
at org.testing.JingleBid.CloseBrowser(JingleBid.java:299)
at org.testing.JingleBid.CloseBrowser(JingleBid.java:299)
at org.testing.JingleBid.CloseBrowser(JingleBid.java:299)
at org.testing.JingleBid.CloseBrowser(JingleBid.java:299)
at org.testing.JingleBid.CloseBrowser(JingleBid.java:299)
at org.testing.JingleBid.CloseBrowser(JingleBid.java:299)
at org.testing.JingleBid.CloseBrowser(JingleBid.java:299)
at org.testing.JingleBid.CloseBrowser(JingleBid.java:299)
at org.testing.JingleBid.CloseBrowser(JingleBid.java:299)
at org.testing.JingleBid.CloseBrowser(JingleBid.java:299)
at org.testing.JingleBid.CloseBrowser(JingleBid.java:299)
at org.testing.JingleBid.CloseBrowser(JingleBid.java:299)
at org.testing.JingleBid.CloseBrowser(JingleBid.java:299)
at org.testing.JingleBid.CloseBrowser(JingleBid.java:299)
at org.testing.JingleBid.CloseBrowser(JingleBid.java:299)
at org.testing.JingleBid.CloseBrowser(JingleBid.java:299)
at org.testing.JingleBid.CloseBrowser(JingleBid.java:299)
at org.testing.JingleBid.CloseBrowser(JingleBid.java:299)
at org.testing.JingleBid.CloseBrowser(JingleBid.java:299)
at org.testing.JingleBid.CloseBrowser(JingleBid.java:299)
at org.testing.JingleBid.CloseBrowser(JingleBid.java:299)
at org.testing.JingleBid.CloseBrowser(JingleBid.java:299)
at org.testing.JingleBid.CloseBrowser(JingleBid.java:299)
at org.testing.JingleBid.CloseBrowser(JingleBid.java:299)
at org.testing.JingleBid.CloseBrowser(JingleBid.java:299)
at org.testing.JingleBid.CloseBrowser(JingleBid.java:299)
at org.testing.JingleBid.CloseBrowser(JingleBid.java:299)
at org.testing.JingleBid.CloseBrowser(JingleBid.java:299)
at org.testing.JingleBid.CloseBrowser(JingleBid.java:299)
at org.testing.JingleBid.CloseBrowser(JingleBid.java:299)
at org.testing.JingleBid.CloseBrowser(JingleBid.java:299)
at org.testing.JingleBid.CloseBrowser(JingleBid.java:299)
at org.testing.JingleBid.CloseBrowser(JingleBid.java:299)
at org.testing.JingleBid.CloseBrowser(JingleBid.java:299)
at org.testing.JingleBid.CloseBrowser(JingleBid.java:299)
at org.testing.JingleBid.CloseBrowser(JingleBid.java:299)
at org.testing.JingleBid.CloseBrowser(JingleBid.java:299)
at org.testing.JingleBid.CloseBrowser(JingleBid.java:299)
at org.testing.JingleBid.CloseBrowser(JingleBid.java:299)
at org.testing.JingleBid.CloseBrowser(JingleBid.java:299)
at org.testing.JingleBid.CloseBrowser(JingleBid.java:299)
at org.testing.JingleBid.CloseBrowser(JingleBid.java:299)
at org.testing.JingleBid.CloseBrowser(JingleBid.java:299)
at org.testing.JingleBid.CloseBrowser(JingleBid.java:299)
at org.testing.JingleBid.CloseBrowser(JingleBid.java:299)
at org.testing.JingleBid.CloseBrowser(JingleBid.java:299)
at org.testing.JingleBid.CloseBrowser(JingleBid.java:299)
at org.testing.JingleBid.CloseBrowser(JingleBid.java:299)
at org.testing.JingleBid.CloseBrowser(JingleBid.java:299)
at org.testing.JingleBid.CloseBrowser(JingleBid.java:299)
at org.testing.JingleBid.CloseBrowser(JingleBid.java:299)
at org.testing.JingleBid.CloseBrowser(JingleBid.java:299)
at org.testing.JingleBid.CloseBrowser(JingleBid.java:299)
at org.testing.JingleBid.CloseBrowser(JingleBid.java:299)
at org.testing.JingleBid.CloseBrowser(JingleBid.java:299)
at org.testing.JingleBid.CloseBrowser(JingleBid.java:299)
at org.testing.JingleBid.CloseBrowser(JingleBid.java:299)
at org.testing.JingleBid.CloseBrowser(JingleBid.java:299)
at org.testing.JingleBid.CloseBrowser(JingleBid.java:299)
at org.testing.JingleBid.CloseBrowser(JingleBid.java:299)
at org.testing.JingleBid.CloseBrowser(JingleBid.java:299)
at org.testing.JingleBid.CloseBrowser(JingleBid.java:299)
at org.testing.JingleBid.CloseBrowser(JingleBid.java:299)
at org.testing.JingleBid.CloseBrowser(JingleBid.java:299)
at org.testing.JingleBid.CloseBrowser(JingleBid.java:299)
at org.testing.JingleBid.CloseBrowser(JingleBid.java:299)
at org.testing.JingleBid.CloseBrowser(JingleBid.java:299)
at org.testing.JingleBid.CloseBrowser(JingleBid.java:299)
at org.testing.JingleBid.CloseBrowser(JingleBid.java:299)
at org.testing.JingleBid.CloseBrowser(JingleBid.java:299)
at org.testing.JingleBid.CloseBrowser(JingleBid.java:299)
at org.testing.JingleBid.CloseBrowser(JingleBid.java:299)
at org.testing.JingleBid.CloseBrowser(JingleBid.java:299)
at org.testing.JingleBid.CloseBrowser(JingleBid.java:299)
at org.testing.JingleBid.CloseBrowser(JingleBid.java:299)
at org.testing.JingleBid.CloseBrowser(JingleBid.java:299)
at org.testing.JingleBid.CloseBrowser(JingleBid.java:299)
at org.testing.JingleBid.CloseBrowser(JingleBid.java:299)
at org.testing.JingleBid.CloseBrowser(JingleBid.java:299)
at org.testing.JingleBid.CloseBrowser(JingleBid.java:299)
at org.testing.JingleBid.CloseBrowser(JingleBid.java:299)
at org.testing.JingleBid.CloseBrowser(JingleBid.java:299)
at org.testing.JingleBid.CloseBrowser(JingleBid.java:299)
at org.testing.JingleBid.CloseBrowser(JingleBid.java:299)
at org.testing.JingleBid.CloseBrowser(JingleBid.java:299)
at org.testing.JingleBid.CloseBrowser(JingleBid.java:299)
at org.testing.JingleBid.CloseBrowser(JingleBid.java:299)
at org.testing.JingleBid.CloseBrowser(JingleBid.java:299)
at org.testing.JingleBid.CloseBrowser(JingleBid.java:299)
at org.testing.JingleBid.CloseBrowser(JingleBid.java:299)
at org.testing.JingleBid.CloseBrowser(JingleBid.java:299)
at org.testing.JingleBid.CloseBrowser(JingleBid.java:299)
at org.testing.JingleBid.CloseBrowser(JingleBid.java:299)
at org.testing.JingleBid.CloseBrowser(JingleBid.java:299)
at org.testing.JingleBid.CloseBrowser(JingleBid.java:299)
at org.testing.JingleBid.CloseBrowser(JingleBid.java:299)
at org.testing.JingleBid.CloseBrowser(JingleBid.java:299)
at org.testing.JingleBid.CloseBrowser(JingleBid.java:299)
at org.testing.JingleBid.CloseBrowser(JingleBid.java:299)
at org.testing.JingleBid.CloseBrowser(JingleBid.java:299)
at org.testing.JingleBid.CloseBrowser(JingleBid.java:299)
at org.testing.JingleBid.CloseBrowser(JingleBid.java:299)
at org.testing.JingleBid.CloseBrowser(JingleBid.java:299)
at org.testing.JingleBid.CloseBrowser(JingleBid.java:299)
at org.testing.JingleBid.CloseBrowser(JingleBid.java:299)
at org.testing.JingleBid.CloseBrowser(JingleBid.java:299)
at org.testing.JingleBid.CloseBrowser(JingleBid.java:299)
at org.testing.JingleBid.CloseBrowser(JingleBid.java:299)
at org.testing.JingleBid.CloseBrowser(JingleBid.java:299)
at org.testing.JingleBid.CloseBrowser(JingleBid.java:299)
at org.testing.JingleBid.CloseBrowser(JingleBid.java:299)
at org.testing.JingleBid.CloseBrowser(JingleBid.java:299)
at org.testing.JingleBid.CloseBrowser(JingleBid.java:299)
at org.testing.JingleBid.CloseBrowser(JingleBid.java:299)
at org.testing.JingleBid.CloseBrowser(JingleBid.java:299)
at org.testing.JingleBid.CloseBrowser(JingleBid.java:299)
at org.testing.JingleBid.CloseBrowser(JingleBid.java:299)
at org.testing.JingleBid.CloseBrowser(JingleBid.java:299)
at org.testing.JingleBid.CloseBrowser(JingleBid.java:299)
at org.testing.JingleBid.CloseBrowser(JingleBid.java:299)
at org.testing.JingleBid.CloseBrowser(JingleBid.java:299)
at org.testing.JingleBid.CloseBrowser(JingleBid.java:299)
at org.testing.JingleBid.CloseBrowser(JingleBid.java:299)
at org.testing.JingleBid.CloseBrowser(JingleBid.java:299)
at org.testing.JingleBid.CloseBrowser(JingleBid.java:299)
at org.testing.JingleBid.CloseBrowser(JingleBid.java:299)
at org.testing.JingleBid.CloseBrowser(JingleBid.java:299)
at org.testing.JingleBid.CloseBrowser(JingleBid.java:299)
at org.testing.JingleBid.CloseBrowser(JingleBid.java:299)
at org.testing.JingleBid.CloseBrowser(JingleBid.java:299)
at org.testing.JingleBid.CloseBrowser(JingleBid.java:299)
at org.testing.JingleBid.CloseBrowser(JingleBid.java:299)
at org.testing.JingleBid.CloseBrowser(JingleBid.java:299)
at org.testing.JingleBid.CloseBrowser(JingleBid.java:299)
at org.testing.JingleBid.CloseBrowser(JingleBid.java:299)
at org.testing.JingleBid.CloseBrowser(JingleBid.java:299)
at org.testing.JingleBid.CloseBrowser(JingleBid.java:299)
at org.testing.JingleBid.CloseBrowser(JingleBid.java:299)
at org.testing.JingleBid.CloseBrowser(JingleBid.java:299)
at org.testing.JingleBid.CloseBrowser(JingleBid.java:299)
at org.testing.JingleBid.CloseBrowser(JingleBid.java:299)
at org.testing.JingleBid.CloseBrowser(JingleBid.java:299)
at org.testing.JingleBid.CloseBrowser(JingleBid.java:299)
at org.testing.JingleBid.CloseBrowser(JingleBid.java:299)
at org.testing.JingleBid.CloseBrowser(JingleBid.java:299)
at org.testing.JingleBid.CloseBrowser(JingleBid.java:299)
at org.testing.JingleBid.CloseBrowser(JingleBid.java:299)
at org.testing.JingleBid.CloseBrowser(JingleBid.java:299)
at org.testing.JingleBid.CloseBrowser(JingleBid.java:299)
at org.testing.JingleBid.CloseBrowser(JingleBid.java:299)
at org.testing.JingleBid.CloseBrowser(JingleBid.java:299)
at org.testing.JingleBid.CloseBrowser(JingleBid.java:299)
at org.testing.JingleBid.CloseBrowser(JingleBid.java:299)
at org.testing.JingleBid.CloseBrowser(JingleBid.java:299)
at org.testing.JingleBid.CloseBrowser(JingleBid.java:299)
at org.testing.JingleBid.CloseBrowser(JingleBid.java:299)
at org.testing.JingleBid.CloseBrowser(JingleBid.java:299)
at org.testing.JingleBid.CloseBrowser(JingleBid.java:299)
at org.testing.JingleBid.CloseBrowser(JingleBid.java:299)
at org.testing.JingleBid.CloseBrowser(JingleBid.java:299)
at org.testing.JingleBid.CloseBrowser(JingleBid.java:299)
at org.testing.JingleBid.CloseBrowser(JingleBid.java:299)
at org.testing.JingleBid.CloseBrowser(JingleBid.java:299)
at org.testing.JingleBid.CloseBrowser(JingleBid.java:299)
at org.testing.JingleBid.CloseBrowser(JingleBid.java:299)
at org.testing.JingleBid.CloseBrowser(JingleBid.java:299)
at org.testing.JingleBid.CloseBrowser(JingleBid.java:299)
at org.testing.JingleBid.CloseBrowser(JingleBid.java:299)
at org.testing.JingleBid.CloseBrowser(JingleBid.java:299)
at org.testing.JingleBid.CloseBrowser(JingleBid.java:299)
at org.testing.JingleBid.CloseBrowser(JingleBid.java:299)
at org.testing.JingleBid.CloseBrowser(JingleBid.java:299)
at org.testing.JingleBid.CloseBrowser(JingleBid.java:299)
at org.testing.JingleBid.CloseBrowser(JingleBid.java:299)
at org.testing.JingleBid.CloseBrowser(JingleBid.java:299)
at org.testing.JingleBid.CloseBrowser(JingleBid.java:299)
at org.testing.JingleBid.CloseBrowser(JingleBid.java:299)
at org.testing.JingleBid.CloseBrowser(JingleBid.java:299)
at org.testing.JingleBid.CloseBrowser(JingleBid.java:299)
at org.testing.JingleBid.CloseBrowser(JingleBid.java:299)
at org.testing.JingleBid.CloseBrowser(JingleBid.java:299)
at org.testing.JingleBid.CloseBrowser(JingleBid.java:299)
at org.testing.JingleBid.CloseBrowser(JingleBid.java:299)
at org.testing.JingleBid.CloseBrowser(JingleBid.java:299)
at org.testing.JingleBid.CloseBrowser(JingleBid.java:299)
at org.testing.JingleBid.CloseBrowser(JingleBid.java:299)
at org.testing.JingleBid.CloseBrowser(JingleBid.java:299)
at org.testing.JingleBid.CloseBrowser(JingleBid.java:299)
at org.testing.JingleBid.CloseBrowser(JingleBid.java:299)
at org.testing.JingleBid.CloseBrowser(JingleBid.java:299)
at org.testing.JingleBid.CloseBrowser(JingleBid.java:299)
at org.testing.JingleBid.CloseBrowser(JingleBid.java:299)
at org.testing.JingleBid.CloseBrowser(JingleBid.java:299)
at org.testing.JingleBid.CloseBrowser(JingleBid.java:299)
at org.testing.JingleBid.CloseBrowser(JingleBid.java:299)
at org.testing.JingleBid.CloseBrowser(JingleBid.java:299)
at org.testing.JingleBid.CloseBrowser(JingleBid.java:299)
at org.testing.JingleBid.CloseBrowser(JingleBid.java:299)
at org.testing.JingleBid.CloseBrowser(JingleBid.java:299)
at org.testing.JingleBid.CloseBrowser(JingleBid.java:299)
at org.testing.JingleBid.CloseBrowser(JingleBid.java:299)
at org.testing.JingleBid.CloseBrowser(JingleBid.java:299)
at org.testing.JingleBid.CloseBrowser(JingleBid.java:299)
at org.testing.JingleBid.CloseBrowser(JingleBid.java:299)
at org.testing.JingleBid.CloseBrowser(JingleBid.java:299)
at org.testing.JingleBid.CloseBrowser(JingleBid.java:299)
at org.testing.JingleBid.CloseBrowser(JingleBid.java:299)
at org.testing.JingleBid.CloseBrowser(JingleBid.java:299)
at org.testing.JingleBid.CloseBrowser(JingleBid.java:299)
at org.testing.JingleBid.CloseBrowser(JingleBid.java:299)
at org.testing.JingleBid.CloseBrowser(JingleBid.java:299)
at org.testing.JingleBid.CloseBrowser(JingleBid.java:299)
at org.testing.JingleBid.CloseBrowser(JingleBid.java:299)
at org.testing.JingleBid.CloseBrowser(JingleBid.java:299)
at org.testing.JingleBid.CloseBrowser(JingleBid.java:299)
at org.testing.JingleBid.CloseBrowser(JingleBid.java:299)
at org.testing.JingleBid.CloseBrowser(JingleBid.java:299)
at org.testing.JingleBid.CloseBrowser(JingleBid.java:299)
at org.testing.JingleBid.CloseBrowser(JingleBid.java:299)
at org.testing.JingleBid.CloseBrowser(JingleBid.java:299)
at org.testing.JingleBid.CloseBrowser(JingleBid.java:299)
at org.testing.JingleBid.CloseBrowser(JingleBid.java:299)
at org.testing.JingleBid.CloseBrowser(JingleBid.java:299)
at org.testing.JingleBid.CloseBrowser(JingleBid.java:299)
at org.testing.JingleBid.CloseBrowser(JingleBid.java:299)
at org.testing.JingleBid.CloseBrowser(JingleBid.java:299)
at org.testing.JingleBid.CloseBrowser(JingleBid.java:299)
at org.testing.JingleBid.CloseBrowser(JingleBid.java:299)
at org.testing.JingleBid.CloseBrowser(JingleBid.java:299)
at org.testing.JingleBid.CloseBrowser(JingleBid.java:299)
at org.testing.JingleBid.CloseBrowser(JingleBid.java:299)
at org.testing.JingleBid.CloseBrowser(JingleBid.java:299)
at org.testing.JingleBid.CloseBrowser(JingleBid.java:299)
at org.testing.JingleBid.CloseBrowser(JingleBid.java:299)
at org.testing.JingleBid.CloseBrowser(JingleBid.java:299)
at org.testing.JingleBid.CloseBrowser(JingleBid.java:299)
at org.testing.JingleBid.CloseBrowser(JingleBid.java:299)
at org.testing.JingleBid.CloseBrowser(JingleBid.java:299)
at org.testing.JingleBid.CloseBrowser(JingleBid.java:299)
at org.testing.JingleBid.CloseBrowser(JingleBid.java:299)
at org.testing.JingleBid.CloseBrowser(JingleBid.java:299)
at org.testing.JingleBid.CloseBrowser(JingleBid.java:299)
at org.testing.JingleBid.CloseBrowser(JingleBid.java:299)
at org.testing.JingleBid.CloseBrowser(JingleBid.java:299)
at org.testing.JingleBid.CloseBrowser(JingleBid.java:299)
at org.testing.JingleBid.CloseBrowser(JingleBid.java:299)
at org.testing.JingleBid.CloseBrowser(JingleBid.java:299)
at org.testing.JingleBid.CloseBrowser(JingleBid.java:299)
at org.testing.JingleBid.CloseBrowser(JingleBid.java:299)
at org.testing.JingleBid.CloseBrowser(JingleBid.java:299)
at org.testing.JingleBid.CloseBrowser(JingleBid.java:299)
at org.testing.JingleBid.CloseBrowser(JingleBid.java:299)
at org.testing.JingleBid.CloseBrowser(JingleBid.java:299)
at org.testing.JingleBid.CloseBrowser(JingleBid.java:299)
at org.testing.JingleBid.CloseBrowser(JingleBid.java:299)
at org.testing.JingleBid.CloseBrowser(JingleBid.java:299)
at org.testing.JingleBid.CloseBrowser(JingleBid.java:299)
at org.testing.JingleBid.CloseBrowser(JingleBid.java:299)
at org.testing.JingleBid.CloseBrowser(JingleBid.java:299)
at org.testing.JingleBid.CloseBrowser(JingleBid.java:299)
at org.testing.JingleBid.CloseBrowser(JingleBid.java:299)
at org.testing.JingleBid.CloseBrowser(JingleBid.java:299)
at org.testing.JingleBid.CloseBrowser(JingleBid.java:299)
at org.testing.JingleBid.CloseBrowser(JingleBid.java:299)
at org.testing.JingleBid.CloseBrowser(JingleBid.java:299)
at org.testing.JingleBid.CloseBrowser(JingleBid.java:299)
at org.testing.JingleBid.CloseBrowser(JingleBid.java:299)
at org.testing.JingleBid.CloseBrowser(JingleBid.java:299)
at org.testing.JingleBid.CloseBrowser(JingleBid.java:299)
at org.testing.JingleBid.CloseBrowser(JingleBid.java:299)
at org.testing.JingleBid.CloseBrowser(JingleBid.java:299)
at org.testing.JingleBid.CloseBrowser(JingleBid.java:299)
at org.testing.JingleBid.CloseBrowser(JingleBid.java:299)
at org.testing.JingleBid.CloseBrowser(JingleBid.java:299)
at org.testing.JingleBid.CloseBrowser(JingleBid.java:299)
at org.testing.JingleBid.CloseBrowser(JingleBid.java:299)
at org.testing.JingleBid.CloseBrowser(JingleBid.java:299)
at org.testing.JingleBid.CloseBrowser(JingleBid.java:299)
at org.testing.JingleBid.CloseBrowser(JingleBid.java:299)
at org.testing.JingleBid.CloseBrowser(JingleBid.java:299)
at org.testing.JingleBid.CloseBrowser(JingleBid.java:299)
at org.testing.JingleBid.CloseBrowser(JingleBid.java:299)
at org.testing.JingleBid.CloseBrowser(JingleBid.java:299)
at org.testing.JingleBid.CloseBrowser(JingleBid.java:299)
at org.testing.JingleBid.CloseBrowser(JingleBid.java:299)
at org.testing.JingleBid.CloseBrowser(JingleBid.java:299)
at org.testing.JingleBid.CloseBrowser(JingleBid.java:299)
at org.testing.JingleBid.CloseBrowser(JingleBid.java:299)
at org.testing.JingleBid.CloseBrowser(JingleBid.java:299)
at org.testing.JingleBid.CloseBrowser(JingleBid.java:299)
at org.testing.JingleBid.CloseBrowser(JingleBid.java:299)
at org.testing.JingleBid.CloseBrowser(JingleBid.java:299)
at org.testing.JingleBid.CloseBrowser(JingleBid.java:299)
at org.testing.JingleBid.CloseBrowser(JingleBid.java:299)
at org.testing.JingleBid.CloseBrowser(JingleBid.java:299)
at org.testing.JingleBid.CloseBrowser(JingleBid.java:299)
at org.testing.JingleBid.CloseBrowser(JingleBid.java:299)
at org.testing.JingleBid.CloseBrowser(JingleBid.java:299)
at org.testing.JingleBid.CloseBrowser(JingleBid.java:299)
at org.testing.JingleBid.CloseBrowser(JingleBid.java:299)
at org.testing.JingleBid.CloseBrowser(JingleBid.java:299)
at org.testing.JingleBid.CloseBrowser(JingleBid.java:299)
at org.testing.JingleBid.CloseBrowser(JingleBid.java:299)
at org.testing.JingleBid.CloseBrowser(JingleBid.java:299)
at org.testing.JingleBid.CloseBrowser(JingleBid.java:299)
at org.testing.JingleBid.CloseBrowser(JingleBid.java:299)
at org.testing.JingleBid.CloseBrowser(JingleBid.java:299)
at org.testing.JingleBid.CloseBrowser(JingleBid.java:299)
at org.testing.JingleBid.CloseBrowser(JingleBid.java:299)
at org.testing.JingleBid.CloseBrowser(JingleBid.java:299)
at org.testing.JingleBid.CloseBrowser(JingleBid.java:299)
at org.testing.JingleBid.CloseBrowser(JingleBid.java:299)
at org.testing.JingleBid.CloseBrowser(JingleBid.java:299)
at org.testing.JingleBid.CloseBrowser(JingleBid.java:299)
at org.testing.JingleBid.CloseBrowser(JingleBid.java:299)
at org.testing.JingleBid.CloseBrowser(JingleBid.java:299)
at org.testing.JingleBid.CloseBrowser(JingleBid.java:299)
at org.testing.JingleBid.CloseBrowser(JingleBid.java:299)
at org.testing.JingleBid.CloseBrowser(JingleBid.java:299)
at org.testing.JingleBid.CloseBrowser(JingleBid.java:299)
at org.testing.JingleBid.CloseBrowser(JingleBid.java:299)
at org.testing.JingleBid.CloseBrowser(JingleBid.java:299)
at org.testing.JingleBid.CloseBrowser(JingleBid.java:299)
at org.testing.JingleBid.CloseBrowser(JingleBid.java:299)
at org.testing.JingleBid.CloseBrowser(JingleBid.java:299)
at org.testing.JingleBid.CloseBrowser(JingleBid.java:299)
at org.testing.JingleBid.CloseBrowser(JingleBid.java:299)
at org.testing.JingleBid.CloseBrowser(JingleBid.java:299)
at org.testing.JingleBid.CloseBrowser(JingleBid.java:299)
at org.testing.JingleBid.CloseBrowser(JingleBid.java:299)
at org.testing.JingleBid.CloseBrowser(JingleBid.java:299)
at org.testing.JingleBid.CloseBrowser(JingleBid.java:299)
at org.testing.JingleBid.CloseBrowser(JingleBid.java:299)
at org.testing.JingleBid.CloseBrowser(JingleBid.java:299)
at org.testing.JingleBid.CloseBrowser(JingleBid.java:299)
at org.testing.JingleBid.CloseBrowser(JingleBid.java:299)
at org.testing.JingleBid.CloseBrowser(JingleBid.java:299)
at org.testing.JingleBid.CloseBrowser(JingleBid.java:299)
at org.testing.JingleBid.CloseBrowser(JingleBid.java:299)
at org.testing.JingleBid.CloseBrowser(JingleBid.java:299)
at org.testing.JingleBid.CloseBrowser(JingleBid.java:299)
at org.testing.JingleBid.CloseBrowser(JingleBid.java:299)
at org.testing.JingleBid.CloseBrowser(JingleBid.java:299)
at org.testing.JingleBid.CloseBrowser(JingleBid.java:299)
at org.testing.JingleBid.CloseBrowser(JingleBid.java:299)
at org.testing.JingleBid.CloseBrowser(JingleBid.java:299)
at org.testing.JingleBid.CloseBrowser(JingleBid.java:299)
at org.testing.JingleBid.CloseBrowser(JingleBid.java:299)
at org.testing.JingleBid.CloseBrowser(JingleBid.java:299)
at org.testing.JingleBid.CloseBrowser(JingleBid.java:299)
at org.testing.JingleBid.CloseBrowser(JingleBid.java:299)
at org.testing.JingleBid.CloseBrowser(JingleBid.java:299)
at org.testing.JingleBid.CloseBrowser(JingleBid.java:299)
at org.testing.JingleBid.CloseBrowser(JingleBid.java:299)
at org.testing.JingleBid.CloseBrowser(JingleBid.java:299)
at org.testing.JingleBid.CloseBrowser(JingleBid.java:299)
at org.testing.JingleBid.CloseBrowser(JingleBid.java:299)
at org.testing.JingleBid.CloseBrowser(JingleBid.java:299)
at org.testing.JingleBid.CloseBrowser(JingleBid.java:299)
at org.testing.JingleBid.CloseBrowser(JingleBid.java:299)
at org.testing.JingleBid.CloseBrowser(JingleBid.java:299)
at org.testing.JingleBid.CloseBrowser(JingleBid.java:299)
at org.testing.JingleBid.CloseBrowser(JingleBid.java:299)
at org.testing.JingleBid.CloseBrowser(JingleBid.java:299)
at org.testing.JingleBid.CloseBrowser(JingleBid.java:299)
at org.testing.JingleBid.CloseBrowser(JingleBid.java:299)
at org.testing.JingleBid.CloseBrowser(JingleBid.java:299)
at org.testing.JingleBid.CloseBrowser(JingleBid.java:299)
at org.testing.JingleBid.CloseBrowser(JingleBid.java:299)
at org.testing.JingleBid.CloseBrowser(JingleBid.java:299)
at org.testing.JingleBid.CloseBrowser(JingleBid.java:299)
at org.testing.JingleBid.CloseBrowser(JingleBid.java:299)
at org.testing.JingleBid.CloseBrowser(JingleBid.java:299)
at org.testing.JingleBid.CloseBrowser(JingleBid.java:299)
at org.testing.JingleBid.CloseBrowser(JingleBid.java:299)
at org.testing.JingleBid.CloseBrowser(JingleBid.java:299)
at org.testing.JingleBid.CloseBrowser(JingleBid.java:299)
at org.testing.JingleBid.CloseBrowser(JingleBid.java:299)
at org.testing.JingleBid.CloseBrowser(JingleBid.java:299)
at org.testing.JingleBid.CloseBrowser(JingleBid.java:299)
at org.testing.JingleBid.CloseBrowser(JingleBid.java:299)
at org.testing.JingleBid.CloseBrowser(JingleBid.java:299)
at org.testing.JingleBid.CloseBrowser(JingleBid.java:299)
at org.testing.JingleBid.CloseBrowser(JingleBid.java:299)
at org.testing.JingleBid.CloseBrowser(JingleBid.java:299)
at org.testing.JingleBid.CloseBrowser(JingleBid.java:299)
at org.testing.JingleBid.CloseBrowser(JingleBid.java:299)
at org.testing.JingleBid.CloseBrowser(JingleBid.java:299)
at org.testing.JingleBid.CloseBrowser(JingleBid.java:299)
at org.testing.JingleBid.CloseBrowser(JingleBid.java:299)
at org.testing.JingleBid.CloseBrowser(JingleBid.java:299)
at org.testing.JingleBid.CloseBrowser(JingleBid.java:299)
at org.testing.JingleBid.CloseBrowser(JingleBid.java:299)
at org.testing.JingleBid.CloseBrowser(JingleBid.java:299)
at org.testing.JingleBid.CloseBrowser(JingleBid.java:299)
at org.testing.JingleBid.CloseBrowser(JingleBid.java:299)
at org.testing.JingleBid.CloseBrowser(JingleBid.java:299)
at org.testing.JingleBid.CloseBrowser(JingleBid.java:299)
at org.testing.JingleBid.CloseBrowser(JingleBid.java:299)
at org.testing.JingleBid.CloseBrowser(JingleBid.java:299)
at org.testing.JingleBid.CloseBrowser(JingleBid.java:299)
at org.testing.JingleBid.CloseBrowser(JingleBid.java:299)
at org.testing.JingleBid.CloseBrowser(JingleBid.java:299)
at org.testing.JingleBid.CloseBrowser(JingleBid.java:299)
at org.testing.JingleBid.CloseBrowser(JingleBid.java:299)
at org.testing.JingleBid.CloseBrowser(JingleBid.java:299)
at org.testing.JingleBid.CloseBrowser(JingleBid.java:299)
at org.testing.JingleBid.CloseBrowser(JingleBid.java:299)
at org.testing.JingleBid.CloseBrowser(JingleBid.java:299)
at org.testing.JingleBid.CloseBrowser(JingleBid.java:299)
at org.testing.JingleBid.CloseBrowser(JingleBid.java:299)
at org.testing.JingleBid.CloseBrowser(JingleBid.java:299)
at org.testing.JingleBid.CloseBrowser(JingleBid.java:299)
at org.testing.JingleBid.CloseBrowser(JingleBid.java:299)
at org.testing.JingleBid.CloseBrowser(JingleBid.java:299)
at org.testing.JingleBid.CloseBrowser(JingleBid.java:299)
at org.testing.JingleBid.CloseBrowser(JingleBid.java:299)
at org.testing.JingleBid.CloseBrowser(JingleBid.java:299)
at org.testing.JingleBid.CloseBrowser(JingleBid.java:299)
at org.testing.JingleBid.CloseBrowser(JingleBid.java:299)
at org.testing.JingleBid.CloseBrowser(JingleBid.java:299)
at org.testing.JingleBid.CloseBrowser(JingleBid.java:299)
at org.testing.JingleBid.CloseBrowser(JingleBid.java:299)
at org.testing.JingleBid.CloseBrowser(JingleBid.java:299)
at org.testing.JingleBid.CloseBrowser(JingleBid.java:299)
at org.testing.JingleBid.CloseBrowser(JingleBid.java:299)
at org.testing.JingleBid.CloseBrowser(JingleBid.java:299)
at org.testing.JingleBid.CloseBrowser(JingleBid.java:299)
at org.testing.JingleBid.CloseBrowser(JingleBid.java:299)
at org.testing.JingleBid.CloseBrowser(JingleBid.java:299)
at org.testing.JingleBid.CloseBrowser(JingleBid.java:299)
at org.testing.JingleBid.CloseBrowser(JingleBid.java:299)
at org.testing.JingleBid.CloseBrowser(JingleBid.java:299)
at org.testing.JingleBid.CloseBrowser(JingleBid.java:299)
at org.testing.JingleBid.CloseBrowser(JingleBid.java:299)
at org.testing.JingleBid.CloseBrowser(JingleBid.java:299)
at org.testing.JingleBid.CloseBrowser(JingleBid.java:299)
at org.testing.JingleBid.CloseBrowser(JingleBid.java:299)
at org.testing.JingleBid.CloseBrowser(JingleBid.java:299)
at org.testing.JingleBid.CloseBrowser(JingleBid.java:299)
at org.testing.JingleBid.CloseBrowser(JingleBid.java:299)
at org.testing.JingleBid.CloseBrowser(JingleBid.java:299)
at org.testing.JingleBid.CloseBrowser(JingleBid.java:299)
at org.testing.JingleBid.CloseBrowser(JingleBid.java:299)
at org.testing.JingleBid.CloseBrowser(JingleBid.java:299)
at org.testing.JingleBid.CloseBrowser(JingleBid.java:299)
at org.testing.JingleBid.CloseBrowser(JingleBid.java:299)
at org.testing.JingleBid.CloseBrowser(JingleBid.java:299)
at org.testing.JingleBid.CloseBrowser(JingleBid.java:299)
at org.testing.JingleBid.CloseBrowser(JingleBid.java:299)
at org.testing.JingleBid.CloseBrowser(JingleBid.java:299)
at org.testing.JingleBid.CloseBrowser(JingleBid.java:299)
at org.testing.JingleBid.CloseBrowser(JingleBid.java:299)
at org.testing.JingleBid.CloseBrowser(JingleBid.java:299)
at org.testing.JingleBid.CloseBrowser(JingleBid.java:299)
at org.testing.JingleBid.CloseBrowser(JingleBid.java:299)
at org.testing.JingleBid.CloseBrowser(JingleBid.java:299)
at org.testing.JingleBid.CloseBrowser(JingleBid.java:299)
at org.testing.JingleBid.CloseBrowser(JingleBid.java:299)
at org.testing.JingleBid.CloseBrowser(JingleBid.java:299)
at org.testing.JingleBid.CloseBrowser(JingleBid.java:299)
at org.testing.JingleBid.CloseBrowser(JingleBid.java:299)
at org.testing.JingleBid.CloseBrowser(JingleBid.java:299)
at org.testing.JingleBid.CloseBrowser(JingleBid.java:299)
at org.testing.JingleBid.CloseBrowser(JingleBid.java:299)
at org.testing.JingleBid.CloseBrowser(JingleBid.java:299)
at org.testing.JingleBid.CloseBrowser(JingleBid.java:299)
at org.testing.JingleBid.CloseBrowser(JingleBid.java:299)
at org.testing.JingleBid.CloseBrowser(JingleBid.java:299)
at org.testing.JingleBid.CloseBrowser(JingleBid.java:299)
at org.testing.JingleBid.CloseBrowser(JingleBid.java:299)
at org.testing.JingleBid.CloseBrowser(JingleBid.java:299)
at org.testing.JingleBid.CloseBrowser(JingleBid.java:299)
at org.testing.JingleBid.CloseBrowser(JingleBid.java:299)
at org.testing.JingleBid.CloseBrowser(JingleBid.java:299)
at org.testing.JingleBid.CloseBrowser(JingleBid.java:299)
at org.testing.JingleBid.CloseBrowser(JingleBid.java:299)
at org.testing.JingleBid.CloseBrowser(JingleBid.java:299)
at org.testing.JingleBid.CloseBrowser(JingleBid.java:299)
at org.testing.JingleBid.CloseBrowser(JingleBid.java:299)
at org.testing.JingleBid.CloseBrowser(JingleBid.java:299)
at org.testing.JingleBid.CloseBrowser(JingleBid.java:299)
at org.testing.JingleBid.CloseBrowser(JingleBid.java:299)
at org.testing.JingleBid.CloseBrowser(JingleBid.java:299)
at org.testing.JingleBid.CloseBrowser(JingleBid.java:299)
at org.testing.JingleBid.CloseBrowser(JingleBid.java:299)
at org.testing.JingleBid.CloseBrowser(JingleBid.java:299)
at org.testing.JingleBid.CloseBrowser(JingleBid.java:299)
at org.testing.JingleBid.CloseBrowser(JingleBid.java:299)
at org.testing.JingleBid.CloseBrowser(JingleBid.java:299)
at org.testing.JingleBid.CloseBrowser(JingleBid.java:299)
at org.testing.JingleBid.CloseBrowser(JingleBid.java:299)
at org.testing.JingleBid.CloseBrowser(JingleBid.java:299)
at org.testing.JingleBid.CloseBrowser(JingleBid.java:299)
at org.testing.JingleBid.CloseBrowser(JingleBid.java:299)
at org.testing.JingleBid.CloseBrowser(JingleBid.java:299)
at org.testing.JingleBid.CloseBrowser(JingleBid.java:299)
at org.testing.JingleBid.CloseBrowser(JingleBid.java:299)
at org.testing.JingleBid.CloseBrowser(JingleBid.java:299)
at org.testing.JingleBid.CloseBrowser(JingleBid.java:299)
at org.testing.JingleBid.CloseBrowser(JingleBid.java:299)
at org.testing.JingleBid.CloseBrowser(JingleBid.java:299)
at org.testing.JingleBid.CloseBrowser(JingleBid.java:299)
at org.testing.JingleBid.CloseBrowser(JingleBid.java:299)
at org.testing.JingleBid.CloseBrowser(JingleBid.java:299)
at org.testing.JingleBid.CloseBrowser(JingleBid.java:299)
at org.testing.JingleBid.CloseBrowser(JingleBid.java:299)
at org.testing.JingleBid.CloseBrowser(JingleBid.java:299)
at org.testing.JingleBid.CloseBrowser(JingleBid.java:299)
at org.testing.JingleBid.CloseBrowser(JingleBid.java:299)
at org.testing.JingleBid.CloseBrowser(JingleBid.java:299)
at org.testing.JingleBid.CloseBrowser(JingleBid.java:299)
at org.testing.JingleBid.CloseBrowser(JingleBid.java:299)
at org.testing.JingleBid.CloseBrowser(JingleBid.java:299)
at org.testing.JingleBid.CloseBrowser(JingleBid.java:299)
at org.testing.JingleBid.CloseBrowser(JingleBid.java:299)
at org.testing.JingleBid.CloseBrowser(JingleBid.java:299)
at org.testing.JingleBid.CloseBrowser(JingleBid.java:299)
at org.testing.JingleBid.CloseBrowser(JingleBid.java:299)
at org.testing.JingleBid.CloseBrowser(JingleBid.java:299)
at org.testing.JingleBid.CloseBrowser(JingleBid.java:299)
at org.testing.JingleBid.CloseBrowser(JingleBid.java:299)
at org.testing.JingleBid.CloseBrowser(JingleBid.java:299)
at org.testing.JingleBid.CloseBrowser(JingleBid.java:299)
at org.testing.JingleBid.CloseBrowser(JingleBid.java:299)
at org.testing.JingleBid.CloseBrowser(JingleBid.java:299)
at org.testing.JingleBid.CloseBrowser(JingleBid.java:299)
at org.testing.JingleBid.CloseBrowser(JingleBid.java:299)
at org.testing.JingleBid.CloseBrowser(JingleBid.java:299)
at org.testing.JingleBid.CloseBrowser(JingleBid.java:299)
at org.testing.JingleBid.CloseBrowser(JingleBid.java:299)
at org.testing.JingleBid.CloseBrowser(JingleBid.java:299)
at org.testing.JingleBid.CloseBrowser(JingleBid.java:299)
at org.testing.JingleBid.CloseBrowser(JingleBid.java:299)
at org.testing.JingleBid.CloseBrowser(JingleBid.java:299)
at org.testing.JingleBid.CloseBrowser(JingleBid.java:299)
at org.testing.JingleBid.CloseBrowser(JingleBid.java:299)
at org.testing.JingleBid.CloseBrowser(JingleBid.java:299)
at org.testing.JingleBid.CloseBrowser(JingleBid.java:299)
at org.testing.JingleBid.CloseBrowser(JingleBid.java:299)
at org.testing.JingleBid.CloseBrowser(JingleBid.java:299)
at org.testing.JingleBid.CloseBrowser(JingleBid.java:299)
at org.testing.JingleBid.CloseBrowser(JingleBid.java:299)
at org.testing.JingleBid.CloseBrowser(JingleBid.java:299)
at org.testing.JingleBid.CloseBrowser(JingleBid.java:299)
at org.testing.JingleBid.CloseBrowser(JingleBid.java:299)
at org.testing.JingleBid.CloseBrowser(JingleBid.java:299)
at org.testing.JingleBid.CloseBrowser(JingleBid.java:299)
at org.testing.JingleBid.CloseBrowser(JingleBid.java:299)
at org.testing.JingleBid.CloseBrowser(JingleBid.java:299)
at org.testing.JingleBid.CloseBrowser(JingleBid.java:299)
at org.testing.JingleBid.CloseBrowser(JingleBid.java:299)
at org.testing.JingleBid.CloseBrowser(JingleBid.java:299)
at org.testing.JingleBid.CloseBrowser(JingleBid.java:299)
at org.testing.JingleBid.CloseBrowser(JingleBid.java:299)
at org.testing.JingleBid.CloseBrowser(JingleBid.java:299)
at org.testing.JingleBid.CloseBrowser(JingleBid.java:299)
at org.testing.JingleBid.CloseBrowser(JingleBid.java:299)
at org.testing.JingleBid.CloseBrowser(JingleBid.java:299)
at org.testing.JingleBid.CloseBrowser(JingleBid.java:299)
at org.testing.JingleBid.CloseBrowser(JingleBid.java:299)
at org.testing.JingleBid.CloseBrowser(JingleBid.java:299)
at org.testing.JingleBid.CloseBrowser(JingleBid.java:299)
at org.testing.JingleBid.CloseBrowser(JingleBid.java:299)
at org.testing.JingleBid.CloseBrowser(JingleBid.java:299)
at org.testing.JingleBid.CloseBrowser(JingleBid.java:299)
at org.testing.JingleBid.CloseBrowser(JingleBid.java:299)
at org.testing.JingleBid.CloseBrowser(JingleBid.java:299)
at org.testing.JingleBid.CloseBrowser(JingleBid.java:299)
at org.testing.JingleBid.CloseBrowser(JingleBid.java:299)
at org.testing.JingleBid.CloseBrowser(JingleBid.java:299)
at org.testing.JingleBid.CloseBrowser(JingleBid.java:299)
at org.testing.JingleBid.CloseBrowser(JingleBid.java:299)
at org.testing.JingleBid.CloseBrowser(JingleBid.java:299)
at org.testing.JingleBid.CloseBrowser(JingleBid.java:299)
at org.testing.JingleBid.CloseBrowser(JingleBid.java:299)
at org.testing.JingleBid.CloseBrowser(JingleBid.java:299)
at org.testing.JingleBid.CloseBrowser(JingleBid.java:299)
at org.testing.JingleBid.CloseBrowser(JingleBid.java:299)
at org.testing.JingleBid.CloseBrowser(JingleBid.java:299)
at org.testing.JingleBid.CloseBrowser(JingleBid.java:299)
at org.testing.JingleBid.CloseBrowser(JingleBid.java:299)
at org.testing.JingleBid.CloseBrowser(JingleBid.java:299)
at org.testing.JingleBid.CloseBrowser(JingleBid.java:299)
at org.testing.JingleBid.CloseBrowser(JingleBid.java:299)
at org.testing.JingleBid.CloseBrowser(JingleBid.java:299)
at org.testing.JingleBid.CloseBrowser(JingleBid.java:299)
at org.testing.JingleBid.CloseBrowser(JingleBid.java:299)
at org.testing.JingleBid.CloseBrowser(JingleBid.java:299)
at org.testing.JingleBid.CloseBrowser(JingleBid.java:299)
at org.testing.JingleBid.CloseBrowser(JingleBid.java:299)
at org.testing.JingleBid.CloseBrowser(JingleBid.java:299)
at org.testing.JingleBid.CloseBrowser(JingleBid.java:299)
at org.testing.JingleBid.CloseBrowser(JingleBid.java:299)
at org.testing.JingleBid.CloseBrowser(JingleBid.java:299)
at org.testing.JingleBid.CloseBrowser(JingleBid.java:299)
at org.testing.JingleBid.CloseBrowser(JingleBid.java:299)
at org.testing.JingleBid.CloseBrowser(JingleBid.java:299)
at org.testing.JingleBid.CloseBrowser(JingleBid.java:299)
at org.testing.JingleBid.CloseBrowser(JingleBid.java:299)
at org.testing.JingleBid.CloseBrowser(JingleBid.java:299)
at org.testing.JingleBid.CloseBrowser(JingleBid.java:299)
at org.testing.JingleBid.CloseBrowser(JingleBid.java:299)
at org.testing.JingleBid.CloseBrowser(JingleBid.java:299)
at org.testing.JingleBid.CloseBrowser(JingleBid.java:299)
at org.testing.JingleBid.CloseBrowser(JingleBid.java:299)
at org.testing.JingleBid.CloseBrowser(JingleBid.java:299)
at org.testing.JingleBid.CloseBrowser(JingleBid.java:299)
at org.testing.JingleBid.CloseBrowser(JingleBid.java:299)
at org.testing.JingleBid.CloseBrowser(JingleBid.java:299)
at org.testing.JingleBid.CloseBrowser(JingleBid.java:299)
at org.testing.JingleBid.CloseBrowser(JingleBid.java:299)
at org.testing.JingleBid.CloseBrowser(JingleBid.java:299)
at org.testing.JingleBid.CloseBrowser(JingleBid.java:299)
at org.testing.JingleBid.CloseBrowser(JingleBid.java:299)
at org.testing.JingleBid.CloseBrowser(JingleBid.java:299)
at org.testing.JingleBid.CloseBrowser(JingleBid.java:299)
at org.testing.JingleBid.CloseBrowser(JingleBid.java:299)
at org.testing.JingleBid.CloseBrowser(JingleBid.java:299)
at org.testing.JingleBid.CloseBrowser(JingleBid.java:299)
at org.testing.JingleBid.CloseBrowser(JingleBid.java:299)
at org.testing.JingleBid.CloseBrowser(JingleBid.java:299)
at org.testing.JingleBid.CloseBrowser(JingleBid.java:299)
at org.testing.JingleBid.CloseBrowser(JingleBid.java:299)
at org.testing.JingleBid.CloseBrowser(JingleBid.java:299)
at org.testing.JingleBid.CloseBrowser(JingleBid.java:299)
at org.testing.JingleBid.CloseBrowser(JingleBid.java:299)
at org.testing.JingleBid.CloseBrowser(JingleBid.java:299)
at org.testing.JingleBid.CloseBrowser(JingleBid.java:299)
at org.testing.JingleBid.CloseBrowser(JingleBid.java:299)
at org.testing.JingleBid.CloseBrowser(JingleBid.java:299)
at org.testing.JingleBid.CloseBrowser(JingleBid.java:299)
at org.testing.JingleBid.CloseBrowser(JingleBid.java:299)
at org.testing.JingleBid.CloseBrowser(JingleBid.java:299)
at org.testing.JingleBid.CloseBrowser(JingleBid.java:299)
at org.testing.JingleBid.CloseBrowser(JingleBid.java:299)
at org.testing.JingleBid.CloseBrowser(JingleBid.java:299)
at org.testing.JingleBid.CloseBrowser(JingleBid.java:299)
at org.testing.JingleBid.CloseBrowser(JingleBid.java:299)
at org.testing.JingleBid.CloseBrowser(JingleBid.java:299)
at org.testing.JingleBid.CloseBrowser(JingleBid.java:299)
at org.testing.JingleBid.CloseBrowser(JingleBid.java:299)
at org.testing.JingleBid.CloseBrowser(JingleBid.java:299)
at org.testing.JingleBid.CloseBrowser(JingleBid.java:299)
at org.testing.JingleBid.CloseBrowser(JingleBid.java:299)
at org.testing.JingleBid.CloseBrowser(JingleBid.java:299)
at org.testing.JingleBid.CloseBrowser(JingleBid.java:299)
at org.testing.JingleBid.CloseBrowser(JingleBid.java:299)
at org.testing.JingleBid.CloseBrowser(JingleBid.java:299)
at org.testing.JingleBid.CloseBrowser(JingleBid.java:299)
at org.testing.JingleBid.CloseBrowser(JingleBid.java:299)
at org.testing.JingleBid.CloseBrowser(JingleBid.java:299)
at org.testing.JingleBid.CloseBrowser(JingleBid.java:299)
at org.testing.JingleBid.CloseBrowser(JingleBid.java:299)
at org.testing.JingleBid.CloseBrowser(JingleBid.java:299)
at org.testing.JingleBid.CloseBrowser(JingleBid.java:299)
at org.testing.JingleBid.CloseBrowser(JingleBid.java:299)
at org.testing.JingleBid.CloseBrowser(JingleBid.java:299)
at org.testing.JingleBid.CloseBrowser(JingleBid.java:299)
at org.testing.JingleBid.CloseBrowser(JingleBid.java:299)
at org.testing.JingleBid.CloseBrowser(JingleBid.java:299)
at org.testing.JingleBid.CloseBrowser(JingleBid.java:299)
at org.testing.JingleBid.CloseBrowser(JingleBid.java:299)
at org.testing.JingleBid.CloseBrowser(JingleBid.java:299)
at org.testing.JingleBid.CloseBrowser(JingleBid.java:299)
at org.testing.JingleBid.CloseBrowser(JingleBid.java:299)
at org.testing.JingleBid.CloseBrowser(JingleBid.java:299)
at org.testing.JingleBid.CloseBrowser(JingleBid.java:299)
at org.testing.JingleBid.CloseBrowser(JingleBid.java:299)
at org.testing.JingleBid.CloseBrowser(JingleBid.java:299)
at org.testing.JingleBid.CloseBrowser(JingleBid.java:299)
at org.testing.JingleBid.CloseBrowser(JingleBid.java:299)
at org.testing.JingleBid.CloseBrowser(JingleBid.java:299)
at org.testing.JingleBid.CloseBrowser(JingleBid.java:299)
at org.testing.JingleBid.CloseBrowser(JingleBid.java:299)
at org.testing.JingleBid.CloseBrowser(JingleBid.java:299)
at org.testing.JingleBid.CloseBrowser(JingleBid.java:299)
at org.testing.JingleBid.CloseBrowser(JingleBid.java:299)
at org.testing.JingleBid.CloseBrowser(JingleBid.java:299)
at org.testing.JingleBid.CloseBrowser(JingleBid.java:299)
at org.testing.JingleBid.CloseBrowser(JingleBid.java:299)
at org.testing.JingleBid.CloseBrowser(JingleBid.java:299)
at org.testing.JingleBid.CloseBrowser(JingleBid.java:299)
at org.testing.JingleBid.CloseBrowser(JingleBid.java:299)
at org.testing.JingleBid.CloseBrowser(JingleBid.java:299)
at org.testing.JingleBid.CloseBrowser(JingleBid.java:299)
at org.testing.JingleBid.CloseBrowser(JingleBid.java:299)
at org.testing.JingleBid.CloseBrowser(JingleBid.java:299)
at org.testing.JingleBid.CloseBrowser(JingleBid.java:299)
at org.testing.JingleBid.CloseBrowser(JingleBid.java:299)
at org.testing.JingleBid.CloseBrowser(JingleBid.java:299)
at org.testing.JingleBid.CloseBrowser(JingleBid.java:299)
at org.testing.JingleBid.CloseBrowser(JingleBid.java:299)
at org.testing.JingleBid.CloseBrowser(JingleBid.java:299)
at org.testing.JingleBid.CloseBrowser(JingleBid.java:299)
at org.testing.JingleBid.CloseBrowser(JingleBid.java:299)
at org.testing.JingleBid.CloseBrowser(JingleBid.java:299)
at org.testing.JingleBid.CloseBrowser(JingleBid.java:299)
at org.testing.JingleBid.CloseBrowser(JingleBid.java:299)
at org.testing.JingleBid.CloseBrowser(JingleBid.java:299)
at org.testing.JingleBid.CloseBrowser(JingleBid.java:299)
at org.testing.JingleBid.CloseBrowser(JingleBid.java:299)
at org.testing.JingleBid.CloseBrowser(JingleBid.java:299)
at org.testing.JingleBid.CloseBrowser(JingleBid.java:299)
at org.testing.JingleBid.CloseBrowser(JingleBid.java:299)
at org.testing.JingleBid.CloseBrowser(JingleBid.java:299)
at org.testing.JingleBid.CloseBrowser(JingleBid.java:299)
at org.testing.JingleBid.CloseBrowser(JingleBid.java:299)
at org.testing.JingleBid.CloseBrowser(JingleBid.java:299)
at org.testing.JingleBid.CloseBrowser(JingleBid.java:299)
at org.testing.JingleBid.CloseBrowser(JingleBid.java:299)
at org.testing.JingleBid.CloseBrowser(JingleBid.java:299)
at org.testing.JingleBid.CloseBrowser(JingleBid.java:299)
at org.testing.JingleBid.CloseBrowser(JingleBid.java:299)
at org.testing.JingleBid.CloseBrowser(JingleBid.java:299)
at org.testing.JingleBid.CloseBrowser(JingleBid.java:299)
at org.testing.JingleBid.CloseBrowser(JingleBid.java:299)
at org.testing.JingleBid.CloseBrowser(JingleBid.java:299)
at org.testing.JingleBid.CloseBrowser(JingleBid.java:299)
at org.testing.JingleBid.CloseBrowser(JingleBid.java:299)
at org.testing.JingleBid.CloseBrowser(JingleBid.java:299)
at org.testing.JingleBid.CloseBrowser(JingleBid.java:299)
at org.testing.JingleBid.CloseBrowser(JingleBid.java:299)
at org.testing.JingleBid.CloseBrowser(JingleBid.java:299)
at org.testing.JingleBid.CloseBrowser(JingleBid.java:299)
at org.testing.JingleBid.CloseBrowser(JingleBid.java:299)
at org.testing.JingleBid.CloseBrowser(JingleBid.java:299)
at org.testing.JingleBid.CloseBrowser(JingleBid.java:299)
at org.testing.JingleBid.CloseBrowser(JingleBid.java:299)
at org.testing.JingleBid.CloseBrowser(JingleBid.java:299)
at org.testing.JingleBid.CloseBrowser(JingleBid.java:299)
at org.testing.JingleBid.CloseBrowser(JingleBid.java:299)
at org.testing.JingleBid.CloseBrowser(JingleBid.java:299)
at org.testing.JingleBid.CloseBrowser(JingleBid.java:299)
at org.testing.JingleBid.CloseBrowser(JingleBid.java:299)
at org.testing.JingleBid.CloseBrowser(JingleBid.java:299)
at org.testing.JingleBid.CloseBrowser(JingleBid.java:299)
at org.testing.JingleBid.CloseBrowser(JingleBid.java:299)
at org.testing.JingleBid.CloseBrowser(JingleBid.java:299)
at org.testing.JingleBid.CloseBrowser(JingleBid.java:299)
at org.testing.JingleBid.CloseBrowser(JingleBid.java:299)
at org.testing.JingleBid.CloseBrowser(JingleBid.java:299)
at org.testing.JingleBid.CloseBrowser(JingleBid.java:299)
at org.testing.JingleBid.CloseBrowser(JingleBid.java:299)
at org.testing.JingleBid.CloseBrowser(JingleBid.java:299)
at org.testing.JingleBid.CloseBrowser(JingleBid.java:299)
at org.testing.JingleBid.CloseBrowser(JingleBid.java:299)
at org.testing.JingleBid.CloseBrowser(JingleBid.java:299)
at org.testing.JingleBid.CloseBrowser(JingleBid.java:299)
at org.testing.JingleBid.CloseBrowser(JingleBid.java:299)
at org.testing.JingleBid.CloseBrowser(JingleBid.java:299)
at org.testing.JingleBid.CloseBrowser(JingleBid.java:299)
at org.testing.JingleBid.CloseBrowser(JingleBid.java:299)
at org.testing.JingleBid.CloseBrowser(JingleBid.java:299)
at org.testing.JingleBid.CloseBrowser(JingleBid.java:299)
at org.testing.JingleBid.CloseBrowser(JingleBid.java:299)
at org.testing.JingleBid.CloseBrowser(JingleBid.java:299)
at org.testing.JingleBid.CloseBrowser(JingleBid.java:299)
at org.testing.JingleBid.CloseBrowser(JingleBid.java:299)
at org.testing.JingleBid.CloseBrowser(JingleBid.java:299)
at org.testing.JingleBid.CloseBrowser(JingleBid.java:299)
at org.testing.JingleBid.CloseBrowser(JingleBid.java:299)
at org.testing.JingleBid.CloseBrowser(JingleBid.java:299)
at org.testing.JingleBid.CloseBrowser(JingleBid.java:299)
at org.testing.JingleBid.CloseBrowser(JingleBid.java:299)
at org.testing.JingleBid.CloseBrowser(JingleBid.java:299)
at org.testing.JingleBid.CloseBrowser(JingleBid.java:299)
at org.testing.JingleBid.CloseBrowser(JingleBid.java:299)
at org.testing.JingleBid.CloseBrowser(JingleBid.java:299)
at org.testing.JingleBid.CloseBrowser(JingleBid.java:299)
at org.testing.JingleBid.CloseBrowser(JingleBid.java:299)
]]>
    </error>
  </testcase> <!-- CloseBrowser -->
  <testcase name="searchProduct" time="6.276" classname="org.testing.JingleBid"/>
  <testcase name="addAddress" time="4.298" classname="org.testing.JingleBid"/>
  <testcase name="StartAuction" time="1.041" classname="org.testing.JingleBid"/>
  <testcase name="UpdatePersonalInformation" time="5.160" classname="org.testing.JingleBid"/>
  <testcase name="updateDeliveryLocation" time="4.237" classname="org.testing.JingleBid"/>
  <testcase name="EditAddress" time="1.569" classname="org.testing.JingleBid"/>
  <testcase name="DeleteAddress" time="2.619" classname="org.testing.JingleBid"/>
  <testcase name="ChangePassword" time="4.219" classname="org.testing.JingleBid"/>
  <testcase name="ProductRequest1" time="5.366" classname="org.testing.JingleBid"/>
  <testcase name="CancelAuction" time="7.490" classname="org.testing.JingleBid"/>
</testsuite> <!-- org.testing.JingleBid -->
