<?xml version="1.0" encoding="UTF-8"?>
<!-- Generated by org.testng.reporters.JUnitReportReporter -->
<testsuite skipped="2" hostname="BharathMani" name="org.testing.ProductRequest" tests="4" failures="0" timestamp="21 Mar 2022 06:38:56 GMT" time="12.676" errors="0">
  <testcase name="LoginJB" time="3.114" classname="org.testing.ProductRequest"/>
  <testcase name="ProductRequest" time="6.184" classname="org.testing.ProductRequest"/>
  <testcase name="ProductRequest" time="1.163" classname="org.testing.ProductRequest">
    <skipped/>
  </testcase> <!-- ProductRequest -->
  <testcase name="ProductRequest" time="2.215" classname="org.testing.ProductRequest">
    <skipped/>
  </testcase> <!-- ProductRequest -->
</testsuite> <!-- org.testing.ProductRequest -->
