<?xml version="1.0" encoding="UTF-8"?>
<!-- Generated by org.testng.reporters.JUnitReportReporter -->
<testsuite skipped="9" hostname="BharathMani" name="org.testing.JingleBidLogin" tests="11" failures="0" timestamp="18 Mar 2022 06:30:15 GMT" time="3.757" errors="0">
  <testcase name="EnterValidUsernameAndValidPassword" time="1.638" classname="org.testing.JingleBidLogin"/>
  <testcase name="ValidateLogin" time="2.119" classname="org.testing.JingleBidLogin"/>
  <testcase name="addAddress" classname="org.testing.JingleBidLogin">
    <skipped/>
  </testcase> <!-- addAddress -->
  <testcase name="StartAuction" classname="org.testing.JingleBidLogin">
    <skipped/>
  </testcase> <!-- StartAuction -->
  <testcase name="searchProduct" classname="org.testing.JingleBidLogin">
    <skipped/>
  </testcase> <!-- searchProduct -->
  <testcase name="CancelAuction" classname="org.testing.JingleBidLogin">
    <skipped/>
  </testcase> <!-- CancelAuction -->
  <testcase name="ChangePassword" classname="org.testing.JingleBidLogin">
    <skipped/>
  </testcase> <!-- ChangePassword -->
  <testcase name="updateDeliveryLocation" classname="org.testing.JingleBidLogin">
    <skipped/>
  </testcase> <!-- updateDeliveryLocation -->
  <testcase name="EditAddress" classname="org.testing.JingleBidLogin">
    <skipped/>
  </testcase> <!-- EditAddress -->
  <testcase name="DeleteAddress" classname="org.testing.JingleBidLogin">
    <skipped/>
  </testcase> <!-- DeleteAddress -->
  <testcase name="UpdatePersonalInformation" classname="org.testing.JingleBidLogin">
    <skipped/>
  </testcase> <!-- UpdatePersonalInformation -->
</testsuite> <!-- org.testing.JingleBidLogin -->
