<?xml version="1.0" encoding="UTF-8"?>
<!-- Generated by org.testng.reporters.JUnitReportReporter -->
<testsuite skipped="5" hostname="BharathMani" name="org.testing.JingleBidLogin" tests="10" failures="0" timestamp="17 Mar 2022 10:34:22 GMT" time="13.288" errors="0">
  <testcase name="EnterValidUsernameAndValidPassword" time="2.148" classname="org.testing.JingleBidLogin"/>
  <testcase name="ValidateLogin" time="0.894" classname="org.testing.JingleBidLogin"/>
  <testcase name="updateDeliveryLocation" time="4.158" classname="org.testing.JingleBidLogin"/>
  <testcase name="EditAddress" time="2.975" classname="org.testing.JingleBidLogin"/>
  <testcase name="DeleteAddress" time="3.113" classname="org.testing.JingleBidLogin"/>
  <testcase name="addAddress" classname="org.testing.JingleBidLogin">
    <skipped/>
  </testcase> <!-- addAddress -->
  <testcase name="StartAction" classname="org.testing.JingleBidLogin">
    <skipped/>
  </testcase> <!-- StartAction -->
  <testcase name="searchProduct" classname="org.testing.JingleBidLogin">
    <skipped/>
  </testcase> <!-- searchProduct -->
  <testcase name="CancelAuction" classname="org.testing.JingleBidLogin">
    <skipped/>
  </testcase> <!-- CancelAuction -->
  <testcase name="UpdatePersonalInformation" classname="org.testing.JingleBidLogin">
    <skipped/>
  </testcase> <!-- UpdatePersonalInformation -->
</testsuite> <!-- org.testing.JingleBidLogin -->
