<?xml version="1.0" encoding="UTF-8"?>
<!-- Generated by org.testng.reporters.JUnitReportReporter -->
<testsuite skipped="0" hostname="BharathMani" name="org.testing.JingleBidLogin" tests="2" failures="0" timestamp="14 Mar 2022 07:41:38 GMT" time="4.098" errors="0">
  <testcase name="ValidateLogin" time="1.683" classname="org.testing.JingleBidLogin"/>
  <testcase name="EnterValidUsernameAndValidPassword" time="2.415" classname="org.testing.JingleBidLogin"/>
</testsuite> <!-- org.testing.JingleBidLogin -->
