<?xml version="1.0" encoding="UTF-8"?>
<!-- Generated by org.testng.reporters.JUnitReportReporter -->
<testsuite skipped="0" hostname="BharathMani" name="org.testing.ProductRequest" tests="1" failures="0" timestamp="24 Mar 2022 05:45:46 GMT" time="3.522" errors="0">
  <testcase name="LoginJB" time="3.522" classname="org.testing.ProductRequest"/>
</testsuite> <!-- org.testing.ProductRequest -->
