<?xml version="1.0" encoding="UTF-8"?>
<!-- Generated by org.testng.reporters.JUnitReportReporter -->
<testsuite skipped="3" hostname="BharathMani" name="org.testing.JingleBidLogin" tests="6" failures="0" timestamp="16 Mar 2022 05:56:17 GMT" time="5.975" errors="0">
  <testcase name="EnterValidUsernameAndValidPassword" time="2.337" classname="org.testing.JingleBidLogin"/>
  <testcase name="ValidateLogin" time="0.637" classname="org.testing.JingleBidLogin"/>
  <testcase name="CancelAuction" time="3.001" classname="org.testing.JingleBidLogin"/>
  <testcase name="addAddress" classname="org.testing.JingleBidLogin">
    <skipped/>
  </testcase> <!-- addAddress -->
  <testcase name="StartAction" classname="org.testing.JingleBidLogin">
    <skipped/>
  </testcase> <!-- StartAction -->
  <testcase name="searchProduct" classname="org.testing.JingleBidLogin">
    <skipped/>
  </testcase> <!-- searchProduct -->
</testsuite> <!-- org.testing.JingleBidLogin -->
