<?xml version="1.0" encoding="UTF-8"?>
<!-- Generated by org.testng.reporters.JUnitReportReporter -->
<testsuite skipped="1" hostname="BharathMani" name="org.testing.JingleBidLogin" tests="5" failures="0" timestamp="15 Mar 2022 08:07:49 GMT" time="13.946" errors="0">
  <testcase name="searchProduct" time="6.859" classname="org.testing.JingleBidLogin"/>
  <testcase name="ValidateLogin" time="0.719" classname="org.testing.JingleBidLogin"/>
  <testcase name="EnterValidUsernameAndValidPassword" time="1.764" classname="org.testing.JingleBidLogin"/>
  <testcase name="StartAction" time="4.604" classname="org.testing.JingleBidLogin"/>
  <testcase name="addAddress" classname="org.testing.JingleBidLogin">
    <skipped/>
  </testcase> <!-- addAddress -->
</testsuite> <!-- org.testing.JingleBidLogin -->
